<?xml version="1.0" encoding="UTF-8"?>
<!-- Generated by org.testng.reporters.JUnitReportReporter -->
<testsuite ignored="0" hostname="E115075" failures="0" tests="1" name="Selenium.DynamicDropDown" time="10.869" errors="0" timestamp="21 Feb 2020 20:03:51 GMT" skipped="0">
  <testcase classname="Selenium.DynamicDropDown" name="DynamicDropdownExample" time="10.869"/>
</testsuite> <!-- Selenium.DynamicDropDown -->
