<?xml version="1.0" encoding="UTF-8"?>
<!-- Generated by org.testng.reporters.JUnitReportReporter -->
<testsuite hostname="DESKTOP-LKDPVCH" failures="0" tests="2" name="TestNG.CarLoan" time="0.021" errors="0" timestamp="2022-05-16T17:28:13 IST" skipped="0">
  <testcase classname="TestNG.CarLoan" name="WebLogin" time="0.006"/>
  <system-out/>
  <testcase classname="TestNG.CarLoan" name="ApiLogin" time="0.015"/>
  <system-out/>
</testsuite> <!-- TestNG.CarLoan -->
