<?xml version="1.0" encoding="UTF-8"?>
<!-- Generated by org.testng.reporters.JUnitReportReporter -->
<testsuite hostname="DESKTOP-LKDPVCH" failures="0" tests="3" name="TestNG.EducationLoan" time="0.018" errors="0" timestamp="2022-02-11T09:31:36 IST" skipped="0">
  <testcase classname="TestNG.EducationLoan" name="EducationLoanForThirdStandard" time="0.008"/>
  <system-out/>
  <testcase classname="TestNG.EducationLoan" name="EducationLoanForSecondStandard" time="0.003"/>
  <system-out/>
  <testcase classname="TestNG.EducationLoan" name="EducationLoanForFirstStandard" time="0.007"/>
  <system-out/>
</testsuite> <!-- TestNG.EducationLoan -->
