<?xml version="1.0" encoding="UTF-8"?>
<!-- Generated by org.testng.reporters.JUnitReportReporter -->
<testsuite ignored="1" hostname="E115075" failures="0" tests="3" name="TestNG.EnabledAndPriorityExample" time="0.020" errors="0" timestamp="22 Feb 2020 18:09:32 GMT" skipped="0">
  <testcase classname="TestNG.EnabledAndPriorityExample" name="EndOnApiLogin" time="0.015"/>
  <testcase classname="TestNG.EnabledAndPriorityExample" name="Priority2" time="0.002"/>
  <testcase classname="TestNG.EnabledAndPriorityExample" name="Priority3" time="0.003"/>
  <testcase classname="TestNG.EnabledAndPriorityExample" name="EnableApiLogin">
    <skipped/>
  </testcase> <!-- EnableApiLogin -->
</testsuite> <!-- TestNG.EnabledAndPriorityExample -->
