<?xml version="1.0" encoding="UTF-8"?>
<!-- Generated by org.testng.reporters.JUnitReportReporter -->
<testsuite hostname="DESKTOP-LKDPVCH" failures="0" tests="1" name="TestNG.ParameterizedExample" time="0.015" errors="0" timestamp="2022-05-16T17:41:56 IST" skipped="0">
  <testcase classname="TestNG.ParameterizedExample" name="SuiteLogin" time="0.015"/>
  <system-out/>
</testsuite> <!-- TestNG.ParameterizedExample -->
