<?xml version="1.0" encoding="UTF-8"?>
<!-- Generated by org.testng.reporters.JUnitReportReporter -->
<testsuite hostname="DESKTOP-LKDPVCH" failures="0" tests="1" name="Selenium.ZoomInZoomOut" time="14.733" errors="0" timestamp="2022-02-11T11:58:36 IST" skipped="0">
  <testcase classname="Selenium.ZoomInZoomOut" name="EnterDataIntofield" time="14.733"/>
  <system-out/>
</testsuite> <!-- Selenium.ZoomInZoomOut -->
