<?xml version="1.0" encoding="UTF-8"?>
<!-- Generated by org.testng.reporters.JUnitReportReporter -->
<testsuite ignored="0" hostname="E115075" failures="0" tests="2" name="TestNG.TestNGExample" time="0.024" errors="0" timestamp="22 Feb 2020 10:44:51 GMT" skipped="0">
  <testcase classname="TestNG.TestNGExample" name="Start" time="0.022"/>
  <testcase classname="TestNG.TestNGExample" name="Stop" time="0.002"/>
</testsuite> <!-- TestNG.TestNGExample -->
