<?xml version="1.0" encoding="UTF-8"?>
<!-- Generated by org.testng.reporters.JUnitReportReporter -->
<testsuite hostname="DESKTOP-LKDPVCH" failures="0" tests="1" name="Selenium.BrokenLinks" time="20.660" errors="0" timestamp="2022-02-11T15:12:41 IST" skipped="0">
  <testcase classname="Selenium.BrokenLinks" name="Brokenlinks" time="20.660"/>
  <system-out/>
</testsuite> <!-- Selenium.BrokenLinks -->
