<?xml version="1.0" encoding="UTF-8"?>
<!-- Generated by org.testng.reporters.JUnitReportReporter -->
<testsuite ignored="0" hostname="E115075" failures="0" tests="3" name="TestNG.DataProviderExample" time="0.021" errors="0" timestamp="22 Feb 2020 18:02:28 GMT" skipped="0">
  <testcase classname="TestNG.DataProviderExample" name="SuiteLogin" time="0.002"/>
  <testcase classname="TestNG.DataProviderExample" name="SuiteLogin" time="0.007"/>
  <testcase classname="TestNG.DataProviderExample" name="SuiteLogin" time="0.012"/>
</testsuite> <!-- TestNG.DataProviderExample -->
