<?xml version="1.0" encoding="UTF-8"?>
<!-- Generated by org.testng.reporters.JUnitReportReporter -->
<testsuite ignored="1" hostname="E115075" failures="0" tests="3" name="TestNG.DependsOnExample" time="0.019" errors="0" timestamp="22 Feb 2020 17:45:38 GMT" skipped="0">
  <testcase classname="TestNG.DependsOnExample" name="DependsOnCloudLogin" time="0.004"/>
  <testcase classname="TestNG.DependsOnExample" name="DependsOnMobileLogin" time="0.001"/>
  <testcase classname="TestNG.DependsOnExample" name="DependsOnApiLogin" time="0.014"/>
  <testcase classname="TestNG.DependsOnExample" name="EnableApiLogin">
    <skipped/>
  </testcase> <!-- EnableApiLogin -->
</testsuite> <!-- TestNG.DependsOnExample -->
