<?xml version="1.0" encoding="UTF-8"?>
<!-- Generated by org.testng.reporters.JUnitReportReporter -->
<testsuite hostname="DESKTOP-LKDPVCH" failures="0" tests="1" name="TestNG.PersonalLoan" time="0.011" errors="0" timestamp="2022-05-16T17:35:56 IST" skipped="0">
  <testcase classname="TestNG.PersonalLoan" name="ApiLogin" time="0.011"/>
  <system-out/>
</testsuite> <!-- TestNG.PersonalLoan -->
