<?xml version="1.0" encoding="UTF-8"?>
<!-- Generated by org.testng.reporters.JUnitReportReporter -->
<testsuite hostname="DESKTOP-LKDPVCH" failures="0" tests="1" name="TestCases.GoogleSearchResultsPageFactory" time="1.869" errors="0" timestamp="2022-05-14T16:41:39 IST" skipped="0">
  <testcase classname="TestCases.GoogleSearchResultsPageFactory" name="DynamicDropdownExample" time="1.869"/>
  <system-out/>
</testsuite> <!-- TestCases.GoogleSearchResultsPageFactory -->
