<?xml version="1.0" encoding="UTF-8"?>
<!-- Generated by org.testng.reporters.JUnitReportReporter -->
<testsuite hostname="DESKTOP-LKDPVCH" failures="0" tests="1" name="TestNG.SuiteExample" time="0.002" errors="0" timestamp="2022-02-11T09:31:36 IST" skipped="0">
  <testcase classname="TestNG.SuiteExample" name="SuiteLogin" time="0.002"/>
  <system-out/>
</testsuite> <!-- TestNG.SuiteExample -->
