<?xml version="1.0" encoding="UTF-8"?>
<!-- Generated by org.testng.reporters.JUnitReportReporter -->
<testsuite hostname="DESKTOP-LKDPVCH" failures="0" tests="2" name="TestNG.GroupExample" time="0.005" errors="0" timestamp="2022-05-16T17:35:56 IST" skipped="0">
  <testcase classname="TestNG.GroupExample" name="GroupLogout" time="0.003"/>
  <system-out/>
  <testcase classname="TestNG.GroupExample" name="GroupLogin" time="0.002"/>
  <system-out/>
</testsuite> <!-- TestNG.GroupExample -->
