<?xml version="1.0" encoding="UTF-8"?>
<!-- Generated by org.testng.reporters.JUnitReportReporter -->
<testsuite hostname="DESKTOP-LKDPVCH" failures="0" tests="1" name="TestCases.FacebookDaySelection" time="14.365" errors="0" timestamp="2022-05-15T11:51:17 IST" skipped="0">
  <testcase classname="TestCases.FacebookDaySelection" name="DynamicDropdownExample" time="14.365"/>
  <system-out/>
</testsuite> <!-- TestCases.FacebookDaySelection -->
