<?xml version="1.0" encoding="UTF-8"?>
<!-- Generated by org.testng.reporters.JUnitReportReporter -->
<testsuite hostname="DESKTOP-LKDPVCH" failures="0" tests="1" name="Selenium.IFramesDragAndDropable" time="16.543" errors="0" timestamp="2022-02-11T15:06:34 IST" skipped="0">
  <testcase classname="Selenium.IFramesDragAndDropable" name="IFrameHandling" time="16.543"/>
  <system-out/>
</testsuite> <!-- Selenium.IFramesDragAndDropable -->
