<?xml version="1.0" encoding="UTF-8"?>
<!-- Generated by org.testng.reporters.JUnitReportReporter -->
<testsuite hostname="DESKTOP-LKDPVCH" failures="0" tests="1" name="TestCases.GoogleSearchResults" time="1.876" errors="0" timestamp="2022-05-14T16:40:36 IST" skipped="0">
  <testcase classname="TestCases.GoogleSearchResults" name="DynamicDropdownExample" time="1.876"/>
  <system-out/>
</testsuite> <!-- TestCases.GoogleSearchResults -->
