<?xml version="1.0" encoding="UTF-8"?>
<!-- Generated by org.testng.reporters.JUnitReportReporter -->
<testsuite hostname="DESKTOP-LKDPVCH" failures="0" tests="1" name="Selenium.MultipleWindows" time="22.721" errors="0" timestamp="2022-05-16T17:56:10 IST" skipped="0">
  <testcase classname="Selenium.MultipleWindows" name="EnterDataIntofield" time="22.721"/>
  <system-out/>
</testsuite> <!-- Selenium.MultipleWindows -->
