<?xml version="1.0" encoding="UTF-8"?>
<!-- Generated by org.testng.reporters.JUnitReportReporter -->
<testsuite ignored="0" hostname="E115075" failures="0" tests="1" name="Selenium.AddItemsToCart" time="5.283" errors="0" timestamp="23 Feb 2020 19:06:23 GMT" skipped="0">
  <testcase classname="Selenium.AddItemsToCart" name="EnterDataIntofield" time="5.283"/>
</testsuite> <!-- Selenium.AddItemsToCart -->
